1592325445920	mozrunner::runner	INFO	Running command: "C:\\Program Files\\Firefox Developer Edition\\firefox.exe" "-marionette" "--headless" "-foreground" "-no-remote" "-profile" "C:\\Users\\Niels\\AppData\\Local\\Temp\\rust_mozprofileBZss4a"
*** You are running in headless mode.
1592325472760	mozrunner::runner	INFO	Running command: "C:\\Program Files\\Firefox Developer Edition\\firefox.exe" "-marionette" "--headless" "-foreground" "-no-remote" "-profile" "C:\\Users\\Niels\\AppData\\Local\\Temp\\rust_mozprofileJ4qTAB"
*** You are running in headless mode.
JavaScript error: resource://gre/modules/XULStore.jsm, line 66: Error: Can't find profile directory.
1592325474475	Marionette	INFO	Listening on port 2230
1592325474769	Marionette	WARN	TLS certificate errors will be ignored for this session
JavaScript error: , line 0: NS_ERROR_NOT_AVAILABLE
: "C:\\Program Files\\Firefox Developer Edition\\firefox.exe" "-marionette" "--headless" "-foreground" "-no-remote" "-profile" "C:\\Users\\Niels\\AppData\\Local\\Temp\\rust_mozprofileoeeK7u"
*** You are running in headless mode.
JavaScript error: resource://gre/modules/XULStore.jsm, line 66: Error: Can't find profile directory.
1592325507294	Marionette	INFO	Listening on port 2282
1592325507521	Marionette	WARN	TLS certificate errors will be ignored for this session
JavaScript error: , line 0: NS_ERROR_NOT_AVAILABLE
: "C:\\Program Files\\Firefox Developer Edition\\firefox.exe" "-marionette" "--headless" "-foreground" "-no-remote" "-profile" "C:\\Users\\Niels\\AppData\\Local\\Temp\\rust_mozprofilehn1add"
*** You are running in headless mode.
JavaScript error: resource://gre/modules/XULStore.jsm, line 66: Error: Can't find profile directory.
1592325519659	Marionette	INFO	Listening on port 2321
1592325519745	Marionette	WARN	TLS certificate errors will be ignored for this session
JavaScript error: , line 0: NS_ERROR_NOT_AVAILABLE
: "C:\\Program Files\\Firefox Developer Edition\\firefox.exe" "-marionette" "--headless" "-foreground" "-no-remote" "-profile" "C:\\Users\\Niels\\AppData\\Local\\Temp\\rust_mozprofile9GfoOl"
*** You are running in headless mode.
JavaScript error: resource://gre/modules/XULStore.jsm, line 66: Error: Can't find profile directory.
1592325564316	Marionette	INFO	Listening on port 2372
1592325564516	Marionette	WARN	TLS certificate errors will be ignored for this session
JavaScript error: https://vast1.pixfuture.com/vpaid/ads.js?v=566760, line 4: TypeError: can't access property "style", document.getElementById(...) is null
JavaScript error: , line 0: NS_ERROR_NOT_AVAILABLE
: "C:\\Program Files\\Firefox Developer Edition\\firefox.exe" "-marionette" "--headless" "-foreground" "-no-remote" "-profile" "C:\\Users\\Niels\\AppData\\Local\\Temp\\rust_mozprofileSanRKM"
*** You are running in headless mode.
JavaScript error: resource://gre/modules/XULStore.jsm, line 66: Error: Can't find profile directory.
1592325603004	Marionette	INFO	Listening on port 2479
1592325603327	Marionette	WARN	TLS certificate errors will be ignored for this session
JavaScript error: https://vast1.pixfuture.com/vpaid/ads.js?v=566760, line 4: TypeError: can't access property "style", document.getElementById(...) is null
JavaScript error: , line 0: NS_ERROR_NOT_AVAILABLE
: "C:\\Program Files\\Firefox Developer Edition\\firefox.exe" "-marionette" "--headless" "-foreground" "-no-remote" "-profile" "C:\\Users\\Niels\\AppData\\Local\\Temp\\rust_mozprofileCdFBJJ"
*** You are running in headless mode.
JavaScript error: resource://gre/modules/XULStore.jsm, line 66: Error: Can't find profile directory.
1592325844357	Marionette	INFO	Listening on port 2686
1592325844676	Marionette	WARN	TLS certificate errors will be ignored for this session
JavaScript error: , line 0: NS_ERROR_NOT_AVAILABLE
: "C:\\Program Files\\Firefox Developer Edition\\firefox.exe" "-marionette" "--headless" "-foreground" "-no-remote" "-profile" "C:\\Users\\Niels\\AppData\\Local\\Temp\\rust_mozprofilefTiwD7"
*** You are running in headless mode.
JavaScript error: resource://gre/modules/XULStore.jsm, line 66: Error: Can't find profile directory.
1592325941419	Marionette	INFO	Listening on port 2977
1592325941562	Marionette	WARN	TLS certificate errors will be ignored for this session
JavaScript error: , line 0: NS_ERROR_NOT_AVAILABLE
: "C:\\Program Files\\Firefox Developer Edition\\firefox.exe" "-marionette" "--headless" "-foreground" "-no-remote" "-profile" "C:\\Users\\Niels\\AppData\\Local\\Temp\\rust_mozprofile0I3mCz"
*** You are running in headless mode.
JavaScript error: resource://gre/modules/XULStore.jsm, line 66: Error: Can't find profile directory.
1592325975429	Marionette	INFO	Listening on port 3030
1592325975534	Marionette	WARN	TLS certificate errors will be ignored for this session
JavaScript error: , line 0: NS_ERROR_NOT_AVAILABLE
: "C:\\Program Files\\Firefox Developer Edition\\firefox.exe" "-marionette" "--headless" "-foreground" "-no-remote" "-profile" "C:\\Users\\Niels\\AppData\\Local\\Temp\\rust_mozprofileZtpIPE"
*** You are running in headless mode.
JavaScript error: resource://gre/modules/XULStore.jsm, line 66: Error: Can't find profile directory.
1592326047993	Marionette	INFO	Listening on port 3096
1592326048140	Marionette	WARN	TLS certificate errors will be ignored for this session
JavaScript error: , line 0: NS_ERROR_NOT_AVAILABLE
: "C:\\Program Files\\Firefox Developer Edition\\firefox.exe" "-marionette" "--headless" "-foreground" "-no-remote" "-profile" "C:\\Users\\Niels\\AppData\\Local\\Temp\\rust_mozprofileKSgUqf"
*** You are running in headless mode.
JavaScript error: resource://gre/modules/XULStore.jsm, line 66: Error: Can't find profile directory.
1592326061866	Marionette	INFO	Listening on port 3131
1592326062122	Marionette	WARN	TLS certificate errors will be ignored for this session
JavaScript error: , line 0: NS_ERROR_NOT_AVAILABLE
: "C:\\Program Files\\Firefox Developer Edition\\firefox.exe" "-marionette" "--headless" "-foreground" "-no-remote" "-profile" "C:\\Users\\Niels\\AppData\\Local\\Temp\\rust_mozprofileaQUYD6"
*** You are running in headless mode.
1592326109590	Marionette	INFO	Listening on port 3173
1592326109714	Marionette	WARN	TLS certificate errors will be ignored for this session
JavaScript error: , line 0: NS_ERROR_NOT_AVAILABLE
: "C:\\Program Files\\Firefox Developer Edition\\firefox.exe" "-marionette" "--headless" "-foreground" "-no-remote" "-profile" "C:\\Users\\Niels\\AppData\\Local\\Temp\\rust_mozprofilexuD9DS"
*** You are running in headless mode.
JavaScript error: resource://gre/modules/XULStore.jsm, line 66: Error: Can't find profile directory.
1592326159086	Marionette	INFO	Listening on port 3220
1592326159293	Marionette	WARN	TLS certificate errors will be ignored for this session
JavaScript error: , line 0: NS_ERROR_NOT_AVAILABLE
: "C:\\Program Files\\Firefox Developer Edition\\firefox.exe" "-marionette" "--headless" "-foreground" "-no-remote" "-profile" "C:\\Users\\Niels\\AppData\\Local\\Temp\\rust_mozprofileIbsFjl"
*** You are running in headless mode.
JavaScript error: resource://gre/modules/XULStore.jsm, line 66: Error: Can't find profile directory.
1592326293355	Marionette	INFO	Listening on port 3306
1592326293538	Marionette	WARN	TLS certificate errors will be ignored for this session
JavaScript error: , line 0: NS_ERROR_NOT_AVAILABLE
: "C:\\Program Files\\Firefox Developer Edition\\firefox.exe" "-marionette" "--headless" "-foreground" "-no-remote" "-profile" "C:\\Users\\Niels\\AppData\\Local\\Temp\\rust_mozprofile98G7Nl"
*** You are running in headless mode.
JavaScript error: resource://gre/modules/XULStore.jsm, line 66: Error: Can't find profile directory.
1592327090712	Marionette	INFO	Listening on port 3559
1592327091156	Marionette	WARN	TLS certificate errors will be ignored for this session
JavaScript error: , line 0: NS_ERROR_NOT_AVAILABLE
: "C:\\Program Files\\Firefox Developer Edition\\firefox.exe" "-marionette" "--headless" "-foreground" "-no-remote" "-profile" "C:\\Users\\Niels\\AppData\\Local\\Temp\\rust_mozprofilesBZ3eK"
*** You are running in headless mode.
JavaScript error: resource://gre/modules/XULStore.jsm, line 66: Error: Can't find profile directory.
1592327201110	Marionette	INFO	Listening on port 3650
1592327201335	Marionette	WARN	TLS certificate errors will be ignored for this session
JavaScript error: , line 0: NS_ERROR_NOT_AVAILABLE
: "C:\\Program Files\\Firefox Developer Edition\\firefox.exe" "-marionette" "--headless" "-foreground" "-no-remote" "-profile" "C:\\Users\\Niels\\AppData\\Local\\Temp\\rust_mozprofileOJkqo0"
*** You are running in headless mode.
JavaScript error: resource://gre/modules/XULStore.jsm, line 66: Error: Can't find profile directory.
1592327280219	Marionette	INFO	Listening on port 3699
1592327280714	Marionette	WARN	TLS certificate errors will be ignored for this session
JavaScript error: https://vast1.pixfuture.com/vpaid/ads.js?v=566760, line 4: TypeError: can't access property "style", document.getElementById(...) is null
JavaScript error: https://vast1.pixfuture.com/vpaid/ads.js?v=566760, line 4: TypeError: can't access property "style", document.getElementById(...) is null
JavaScript error: , line 0: NS_ERROR_NOT_AVAILABLE
: "C:\\Program Files\\Firefox Developer Edition\\firefox.exe" "-marionette" "--headless" "-foreground" "-no-remote" "-profile" "C:\\Users\\Niels\\AppData\\Local\\Temp\\rust_mozprofile1di0qX"
*** You are running in headless mode.
JavaScript error: resource://gre/modules/XULStore.jsm, line 66: Error: Can't find profile directory.
1592327353844	Marionette	INFO	Listening on port 3839
1592327354002	Marionette	WARN	TLS certificate errors will be ignored for this session
JavaScript error: , line 0: NS_ERROR_NOT_AVAILABLE
: "C:\\Program Files\\Firefox Developer Edition\\firefox.exe" "-marionette" "--headless" "-foreground" "-no-remote" "-profile" "C:\\Users\\Niels\\AppData\\Local\\Temp\\rust_mozprofilezKo9yX"
*** You are running in headless mode.
JavaScript error: resource://gre/modules/XULStore.jsm, line 66: Error: Can't find profile directory.
1592327542684	Marionette	INFO	Listening on port 3904
1592327543029	Marionette	WARN	TLS certificate errors will be ignored for this session
JavaScript error: , line 0: NS_ERROR_NOT_AVAILABLE
: "C:\\Program Files\\Firefox Developer Edition\\firefox.exe" "-marionette" "--headless" "-foreground" "-no-remote" "-profile" "C:\\Users\\Niels\\AppData\\Local\\Temp\\rust_mozprofileNevf6O"
*** You are running in headless mode.
JavaScript error: resource://gre/modules/XULStore.jsm, line 66: Error: Can't find profile directory.
1592327592694	Marionette	INFO	Listening on port 3947
1592327592839	Marionette	WARN	TLS certificate errors will be ignored for this session
JavaScript error: , line 0: NS_ERROR_NOT_AVAILABLE
: "C:\\Program Files\\Firefox Developer Edition\\firefox.exe" "-marionette" "--headless" "-foreground" "-no-remote" "-profile" "C:\\Users\\Niels\\AppData\\Local\\Temp\\rust_mozprofileKhTCtF"
*** You are running in headless mode.
JavaScript error: resource://gre/modules/XULStore.jsm, line 66: Error: Can't find profile directory.
1592327612030	Marionette	INFO	Listening on port 3989
1592327612109	Marionette	WARN	TLS certificate errors will be ignored for this session
JavaScript error: , line 0: NS_ERROR_NOT_AVAILABLE
: "C:\\Program Files\\Firefox Developer Edition\\firefox.exe" "-marionette" "--headless" "-foreground" "-no-remote" "-profile" "C:\\Users\\Niels\\AppData\\Local\\Temp\\rust_mozprofileqGE0od"
*** You are running in headless mode.
JavaScript error: resource://gre/modules/XULStore.jsm, line 66: Error: Can't find profile directory.
1592327724563	Marionette	INFO	Listening on port 4054
1592327724832	Marionette	WARN	TLS certificate errors will be ignored for this session
JavaScript error: , line 0: NS_ERROR_NOT_AVAILABLE
: "C:\\Program Files\\Firefox Developer Edition\\firefox.exe" "-marionette" "--headless" "-foreground" "-no-remote" "-profile" "C:\\Users\\Niels\\AppData\\Local\\Temp\\rust_mozprofiletdt7gr"
*** You are running in headless mode.
1592327783358	Marionette	INFO	Listening on port 4129
1592327783428	Marionette	WARN	TLS certificate errors will be ignored for this session
JavaScript error: , line 0: NS_ERROR_NOT_AVAILABLE
: "C:\\Program Files\\Firefox Developer Edition\\firefox.exe" "-marionette" "--headless" "-foreground" "-no-remote" "-profile" "C:\\Users\\Niels\\AppData\\Local\\Temp\\rust_mozprofilepcGtaS"
*** You are running in headless mode.
JavaScript error: resource://gre/modules/XULStore.jsm, line 66: Error: Can't find profile directory.
1592327908974	Marionette	INFO	Listening on port 4216
1592327909462	Marionette	WARN	TLS certificate errors will be ignored for this session
JavaScript error: , line 0: NS_ERROR_NOT_AVAILABLE
: "C:\\Program Files\\Firefox Developer Edition\\firefox.exe" "-marionette" "--headless" "-foreground" "-no-remote" "-profile" "C:\\Users\\Niels\\AppData\\Local\\Temp\\rust_mozprofileWmIPNP"
*** You are running in headless mode.
JavaScript error: resource://gre/modules/XULStore.jsm, line 66: Error: Can't find profile directory.
1592327939036	Marionette	INFO	Listening on port 4269
1592327939168	Marionette	WARN	TLS certificate errors will be ignored for this session
JavaScript error: , line 0: NS_ERROR_NOT_AVAILABLE
: "C:\\Program Files\\Firefox Developer Edition\\firefox.exe" "-marionette" "--headless" "-foreground" "-no-remote" "-profile" "C:\\Users\\Niels\\AppData\\Local\\Temp\\rust_mozprofileb77xnD"
*** You are running in headless mode.
JavaScript error: resource://gre/modules/XULStore.jsm, line 66: Error: Can't find profile directory.
1592327963287	Marionette	INFO	Listening on port 4319
1592327963373	Marionette	WARN	TLS certificate errors will be ignored for this session
JavaScript error: https://vast1.pixfuture.com/vpaid/ads.js?v=566760, line 4: TypeError: can't access property "style", document.getElementById(...) is null
JavaScript error: , line 0: NS_ERROR_NOT_AVAILABLE
: "C:\\Program Files\\Firefox Developer Edition\\firefox.exe" "-marionette" "--headless" "-foreground" "-no-remote" "-profile" "C:\\Users\\Niels\\AppData\\Local\\Temp\\rust_mozprofileMKzIq3"
*** You are running in headless mode.
JavaScript error: resource://gre/modules/XULStore.jsm, line 66: Error: Can't find profile directory.
1592328029962	Marionette	INFO	Listening on port 4463
1592328030056	Marionette	WARN	TLS certificate errors will be ignored for this session
JavaScript error: https://vast1.pixfuture.com/vpaid/ads.js?v=566760, line 4: TypeError: can't access property "style", document.getElementById(...) is null
JavaScript error: , line 0: NS_ERROR_NOT_AVAILABLE
: "C:\\Program Files\\Firefox Developer Edition\\firefox.exe" "-marionette" "--headless" "-foreground" "-no-remote" "-profile" "C:\\Users\\Niels\\AppData\\Local\\Temp\\rust_mozprofileIvNZSv"
*** You are running in headless mode.
JavaScript error: resource://gre/modules/XULStore.jsm, line 66: Error: Can't find profile directory.
1592328153285	Marionette	INFO	Listening on port 4614
1592328153317	Marionette	WARN	TLS certificate errors will be ignored for this session
JavaScript error: https://vast1.pixfuture.com/vpaid/ads.js?v=566760, line 4: TypeError: can't access property "style", document.getElementById(...) is null
JavaScript error: , line 0: NS_ERROR_NOT_AVAILABLE
: "C:\\Program Files\\Firefox Developer Edition\\firefox.exe" "-marionette" "--headless" "-foreground" "-no-remote" "-profile" "C:\\Users\\Niels\\AppData\\Local\\Temp\\rust_mozprofilehEEDBF"
*** You are running in headless mode.
JavaScript error: resource://gre/modules/XULStore.jsm, line 66: Error: Can't find profile directory.
1592328175200	Marionette	INFO	Listening on port 4721
1592328175295	Marionette	WARN	TLS certificate errors will be ignored for this session
JavaScript error: https://vast1.pixfuture.com/vpaid/ads.js?v=566760, line 4: TypeError: can't access property "style", document.getElementById(...) is null
JavaScript error: , line 0: NS_ERROR_NOT_AVAILABLE
: "C:\\Program Files\\Firefox Developer Edition\\firefox.exe" "-marionette" "--headless" "-foreground" "-no-remote" "-profile" "C:\\Users\\Niels\\AppData\\Local\\Temp\\rust_mozprofile3Q9al0"
*** You are running in headless mode.
JavaScript error: resource://gre/modules/XULStore.jsm, line 66: Error: Can't find profile directory.
1592328196155	Marionette	INFO	Listening on port 4839
1592328196226	Marionette	WARN	TLS certificate errors will be ignored for this session
JavaScript error: https://vast1.pixfuture.com/vpaid/ads.js?v=566760, line 4: TypeError: can't access property "style", document.getElementById(...) is null
JavaScript error: , line 0: NS_ERROR_NOT_AVAILABLE
: "C:\\Program Files\\Firefox Developer Edition\\firefox.exe" "-marionette" "--headless" "-foreground" "-no-remote" "-profile" "C:\\Users\\Niels\\AppData\\Local\\Temp\\rust_mozprofileCWjqEy"
*** You are running in headless mode.
JavaScript error: resource://gre/modules/XULStore.jsm, line 66: Error: Can't find profile directory.
1592328299909	Marionette	INFO	Listening on port 4957
1592328299981	Marionette	WARN	TLS certificate errors will be ignored for this session
JavaScript error: https://vast1.pixfuture.com/vpaid/ads.js?v=566760, line 4: TypeError: can't access property "style", document.getElementById(...) is null
JavaScript error: , line 0: NS_ERROR_NOT_AVAILABLE
: "C:\\Program Files\\Firefox Developer Edition\\firefox.exe" "-marionette" "--headless" "-foreground" "-no-remote" "-profile" "C:\\Users\\Niels\\AppData\\Local\\Temp\\rust_mozprofileVKXY5b"
*** You are running in headless mode.
JavaScript error: resource://gre/modules/XULStore.jsm, line 66: Error: Can't find profile directory.
1592328329004	Marionette	INFO	Listening on port 5056
1592328329105	Marionette	WARN	TLS certificate errors will be ignored for this session
JavaScript error: https://vast1.pixfuture.com/vpaid/ads.js?v=566760, line 4: TypeError: can't access property "style", document.getElementById(...) is null
JavaScript error: https://vast1.pixfuture.com/vpaid/ads.js?v=566760, line 4: TypeError: can't access property "style", document.getElementById(...) is null
JavaScript error: https://vast1.pixfuture.com/vpaid/ads.js?v=566760, line 4: TypeError: can't access property "style", document.getElementById(...) is null
JavaScript error: , line 0: NS_ERROR_NOT_AVAILABLE
: "C:\\Program Files\\Firefox Developer Edition\\firefox.exe" "-marionette" "--headless" "-foreground" "-no-remote" "-profile" "C:\\Users\\Niels\\AppData\\Local\\Temp\\rust_mozprofilepw32oV"
*** You are running in headless mode.
JavaScript error: resource://gre/modules/XULStore.jsm, line 66: Error: Can't find profile directory.
1592328722557	Marionette	INFO	Listening on port 5282
1592328723051	Marionette	WARN	TLS certificate errors will be ignored for this session
JavaScript error: https://vast1.pixfuture.com/vpaid/ads.js?v=566760, line 4: TypeError: can't access property "style", document.getElementById(...) is null
JavaScript error: resource://gre/modules/psm/RemoteSecuritySettings.jsm, line 800: NS_ERROR_ILLEGAL_VALUE: Component returned failure code: 0x80070057 (NS_ERROR_ILLEGAL_VALUE) [nsIXPCComponents_Utils.reportError]
